<?xml version="1.0" encoding="UTF-8"?>
<!DOCTYPE coverage SYSTEM "http://cobertura.sourceforge.net/xml/coverage-04.dtd">
<coverage line-rate="1" branch-rate="0" lines-covered="118" lines-valid="118" branches-covered="0" branches-valid="0" complexity="29" version="0.4" timestamp="1690962890">
  <sources>
    <source>D:\Projects\jolax-forms\app</source>
  </sources>
  <packages>
    <package name="Console\Kernel.php" line-rate="1" branch-rate="0" complexity="1">
      <classes>
        <class name="App\Console\Kernel" filename="Console\Kernel.php" line-rate="1" branch-rate="0" complexity="1">
          <methods>
            <method name="commands" signature="" line-rate="1" branch-rate="0" complexity="1">
              <lines>
                <line number="23" hits="26"/>
                <line number="25" hits="26"/>
              </lines>
            </method>
          </methods>
          <lines>
            <line number="23" hits="26"/>
            <line number="25" hits="26"/>
          </lines>
        </class>
      </classes>
    </package>
    <package name="Exceptions\Handler.php" line-rate="1" branch-rate="0" complexity="1">
      <classes>
        <class name="App\Exceptions\Handler" filename="Exceptions\Handler.php" line-rate="1" branch-rate="0" complexity="1">
          <methods>
            <method name="register" signature="" line-rate="1" branch-rate="0" complexity="1">
              <lines>
                <line number="26" hits="26"/>
                <line number="28" hits="26"/>
              </lines>
            </method>
          </methods>
          <lines>
            <line number="26" hits="26"/>
            <line number="28" hits="26"/>
          </lines>
        </class>
      </classes>
    </package>
    <package name="Http\Controllers\Controller.php" line-rate="0" branch-rate="0" complexity="0">
      <classes>
        <class name="App\Http\Controllers\Controller" filename="Http\Controllers\Controller.php" line-rate="0" branch-rate="0" complexity="0">
          <methods/>
          <lines/>
        </class>
      </classes>
    </package>
    <package name="Http\Kernel.php" line-rate="0" branch-rate="0" complexity="0">
      <classes>
        <class name="App\Http\Kernel" filename="Http\Kernel.php" line-rate="0" branch-rate="0" complexity="0">
          <methods/>
          <lines/>
        </class>
      </classes>
    </package>
    <package name="Http\Livewire\AddParticipant.php" line-rate="1" branch-rate="0" complexity="7">
      <classes>
        <class name="App\Http\Livewire\AddParticipant" filename="Http\Livewire\AddParticipant.php" line-rate="1" branch-rate="0" complexity="7">
          <methods>
            <method name="generatePNR" signature="" line-rate="1" branch-rate="0" complexity="2">
              <lines>
                <line number="29" hits="3"/>
                <line number="30" hits="3"/>
                <line number="32" hits="3"/>
                <line number="33" hits="3"/>
                <line number="34" hits="3"/>
                <line number="37" hits="3"/>
              </lines>
            </method>
            <method name="mount" signature="" line-rate="1" branch-rate="0" complexity="2">
              <lines>
                <line number="56" hits="13"/>
                <line number="57" hits="4"/>
                <line number="58" hits="4"/>
                <line number="59" hits="4"/>
                <line number="60" hits="4"/>
                <line number="61" hits="4"/>
                <line number="62" hits="4"/>
                <line number="63" hits="4"/>
                <line number="64" hits="4"/>
                <line number="65" hits="4"/>
                <line number="66" hits="4"/>
                <line number="67" hits="4"/>
              </lines>
            </method>
            <method name="submit" signature="" line-rate="1" branch-rate="0" complexity="2">
              <lines>
                <line number="74" hits="5"/>
                <line number="75" hits="1"/>
                <line number="76" hits="1"/>
                <line number="77" hits="1"/>
                <line number="78" hits="1"/>
                <line number="79" hits="1"/>
                <line number="80" hits="1"/>
                <line number="81" hits="1"/>
                <line number="82" hits="1"/>
                <line number="83" hits="1"/>
                <line number="84" hits="1"/>
                <line number="85" hits="1"/>
                <line number="86" hits="1"/>
                <line number="87" hits="1"/>
                <line number="89" hits="1"/>
                <line number="90" hits="1"/>
                <line number="91" hits="1"/>
                <line number="92" hits="1"/>
                <line number="93" hits="1"/>
                <line number="94" hits="1"/>
                <line number="95" hits="1"/>
                <line number="96" hits="1"/>
                <line number="97" hits="1"/>
                <line number="98" hits="1"/>
                <line number="99" hits="1"/>
                <line number="100" hits="1"/>
                <line number="101" hits="1"/>
                <line number="102" hits="1"/>
                <line number="103" hits="1"/>
                <line number="104" hits="1"/>
                <line number="106" hits="1"/>
                <line number="108" hits="4"/>
                <line number="109" hits="1"/>
                <line number="110" hits="1"/>
                <line number="111" hits="1"/>
                <line number="112" hits="1"/>
                <line number="113" hits="1"/>
                <line number="114" hits="1"/>
                <line number="115" hits="1"/>
                <line number="116" hits="1"/>
                <line number="117" hits="1"/>
                <line number="118" hits="1"/>
                <line number="119" hits="1"/>
                <line number="120" hits="1"/>
                <line number="121" hits="1"/>
                <line number="122" hits="1"/>
                <line number="123" hits="1"/>
                <line number="125" hits="1"/>
                <line number="127" hits="1"/>
              </lines>
            </method>
            <method name="render" signature="" line-rate="1" branch-rate="0" complexity="1">
              <lines>
                <line number="134" hits="13"/>
              </lines>
            </method>
          </methods>
          <lines>
            <line number="29" hits="3"/>
            <line number="30" hits="3"/>
            <line number="32" hits="3"/>
            <line number="33" hits="3"/>
            <line number="34" hits="3"/>
            <line number="37" hits="3"/>
            <line number="56" hits="13"/>
            <line number="57" hits="4"/>
            <line number="58" hits="4"/>
            <line number="59" hits="4"/>
            <line number="60" hits="4"/>
            <line number="61" hits="4"/>
            <line number="62" hits="4"/>
            <line number="63" hits="4"/>
            <line number="64" hits="4"/>
            <line number="65" hits="4"/>
            <line number="66" hits="4"/>
            <line number="67" hits="4"/>
            <line number="74" hits="5"/>
            <line number="75" hits="1"/>
            <line number="76" hits="1"/>
            <line number="77" hits="1"/>
            <line number="78" hits="1"/>
            <line number="79" hits="1"/>
            <line number="80" hits="1"/>
            <line number="81" hits="1"/>
            <line number="82" hits="1"/>
            <line number="83" hits="1"/>
            <line number="84" hits="1"/>
            <line number="85" hits="1"/>
            <line number="86" hits="1"/>
            <line number="87" hits="1"/>
            <line number="89" hits="1"/>
            <line number="90" hits="1"/>
            <line number="91" hits="1"/>
            <line number="92" hits="1"/>
            <line number="93" hits="1"/>
            <line number="94" hits="1"/>
            <line number="95" hits="1"/>
            <line number="96" hits="1"/>
            <line number="97" hits="1"/>
            <line number="98" hits="1"/>
            <line number="99" hits="1"/>
            <line number="100" hits="1"/>
            <line number="101" hits="1"/>
            <line number="102" hits="1"/>
            <line number="103" hits="1"/>
            <line number="104" hits="1"/>
            <line number="106" hits="1"/>
            <line number="108" hits="4"/>
            <line number="109" hits="1"/>
            <line number="110" hits="1"/>
            <line number="111" hits="1"/>
            <line number="112" hits="1"/>
            <line number="113" hits="1"/>
            <line number="114" hits="1"/>
            <line number="115" hits="1"/>
            <line number="116" hits="1"/>
            <line number="117" hits="1"/>
            <line number="118" hits="1"/>
            <line number="119" hits="1"/>
            <line number="120" hits="1"/>
            <line number="121" hits="1"/>
            <line number="122" hits="1"/>
            <line number="123" hits="1"/>
            <line number="125" hits="1"/>
            <line number="127" hits="1"/>
            <line number="134" hits="13"/>
          </lines>
        </class>
      </classes>
    </package>
    <package name="Http\Livewire\AllParticipants.php" line-rate="1" branch-rate="0" complexity="2">
      <classes>
        <class name="App\Http\Livewire\AllParticipants" filename="Http\Livewire\AllParticipants.php" line-rate="1" branch-rate="0" complexity="2">
          <methods>
            <method name="delete" signature="$id" line-rate="1" branch-rate="0" complexity="1">
              <lines>
                <line number="15" hits="1"/>
              </lines>
            </method>
            <method name="render" signature="" line-rate="1" branch-rate="0" complexity="1">
              <lines>
                <line number="20" hits="3"/>
                <line number="21" hits="3"/>
                <line number="22" hits="3"/>
              </lines>
            </method>
          </methods>
          <lines>
            <line number="15" hits="1"/>
            <line number="20" hits="3"/>
            <line number="21" hits="3"/>
            <line number="22" hits="3"/>
          </lines>
        </class>
      </classes>
    </package>
    <package name="Http\Livewire\EditParticipant.php" line-rate="1" branch-rate="0" complexity="1">
      <classes>
        <class name="App\Http\Livewire\EditParticipant" filename="Http\Livewire\EditParticipant.php" line-rate="1" branch-rate="0" complexity="1">
          <methods>
            <method name="render" signature="" line-rate="1" branch-rate="0" complexity="1">
              <lines>
                <line number="17" hits="2"/>
                <line number="19" hits="2"/>
                <line number="21" hits="2"/>
                <line number="23" hits="2"/>
                <line number="24" hits="2"/>
                <line number="25" hits="2"/>
                <line number="26" hits="2"/>
              </lines>
            </method>
          </methods>
          <lines>
            <line number="17" hits="2"/>
            <line number="19" hits="2"/>
            <line number="21" hits="2"/>
            <line number="23" hits="2"/>
            <line number="24" hits="2"/>
            <line number="25" hits="2"/>
            <line number="26" hits="2"/>
          </lines>
        </class>
      </classes>
    </package>
    <package name="Http\Livewire\EventController.php" line-rate="1" branch-rate="0" complexity="1">
      <classes>
        <class name="App\Http\Livewire\EventController" filename="Http\Livewire\EventController.php" line-rate="1" branch-rate="0" complexity="1">
          <methods>
            <method name="render" signature="int $id" line-rate="1" branch-rate="0" complexity="1">
              <lines>
                <line number="12" hits="5"/>
                <line number="13" hits="5"/>
                <line number="14" hits="5"/>
              </lines>
            </method>
          </methods>
          <lines>
            <line number="12" hits="5"/>
            <line number="13" hits="5"/>
            <line number="14" hits="5"/>
          </lines>
        </class>
      </classes>
    </package>
    <package name="Http\Livewire\EventList.php" line-rate="1" branch-rate="0" complexity="2">
      <classes>
        <class name="App\Http\Livewire\EventList" filename="Http\Livewire\EventList.php" line-rate="1" branch-rate="0" complexity="2">
          <methods>
            <method name="mount" signature="" line-rate="1" branch-rate="0" complexity="1">
              <lines>
                <line number="15" hits="4"/>
              </lines>
            </method>
            <method name="render" signature="" line-rate="1" branch-rate="0" complexity="1">
              <lines>
                <line number="20" hits="4"/>
              </lines>
            </method>
          </methods>
          <lines>
            <line number="15" hits="4"/>
            <line number="20" hits="4"/>
          </lines>
        </class>
      </classes>
    </package>
    <package name="Http\Livewire\Footer.php" line-rate="1" branch-rate="0" complexity="1">
      <classes>
        <class name="App\Http\Livewire\Footer" filename="Http\Livewire\Footer.php" line-rate="1" branch-rate="0" complexity="1">
          <methods>
            <method name="render" signature="" line-rate="1" branch-rate="0" complexity="1">
              <lines>
                <line number="12" hits="18"/>
              </lines>
            </method>
          </methods>
          <lines>
            <line number="12" hits="18"/>
          </lines>
        </class>
      </classes>
    </package>
    <package name="Http\Livewire\Navbar.php" line-rate="1" branch-rate="0" complexity="2">
      <classes>
        <class name="App\Http\Livewire\Navbar" filename="Http\Livewire\Navbar.php" line-rate="1" branch-rate="0" complexity="2">
          <methods>
            <method name="mount" signature="" line-rate="1" branch-rate="0" complexity="1">
              <lines>
                <line number="18" hits="18"/>
                <line number="19" hits="18"/>
              </lines>
            </method>
            <method name="render" signature="" line-rate="1" branch-rate="0" complexity="1">
              <lines>
                <line number="24" hits="18"/>
              </lines>
            </method>
          </methods>
          <lines>
            <line number="18" hits="18"/>
            <line number="19" hits="18"/>
            <line number="24" hits="18"/>
          </lines>
        </class>
      </classes>
    </package>
    <package name="Http\Livewire\ParticipantList.php" line-rate="1" branch-rate="0" complexity="2">
      <classes>
        <class name="App\Http\Livewire\ParticipantList" filename="Http\Livewire\ParticipantList.php" line-rate="1" branch-rate="0" complexity="2">
          <methods>
            <method name="delete" signature="$id" line-rate="1" branch-rate="0" complexity="1">
              <lines>
                <line number="16" hits="1"/>
              </lines>
            </method>
            <method name="render" signature="" line-rate="1" branch-rate="0" complexity="1">
              <lines>
                <line number="22" hits="6"/>
                <line number="23" hits="6"/>
                <line number="24" hits="6"/>
              </lines>
            </method>
          </methods>
          <lines>
            <line number="16" hits="1"/>
            <line number="22" hits="6"/>
            <line number="23" hits="6"/>
            <line number="24" hits="6"/>
          </lines>
        </class>
      </classes>
    </package>
    <package name="Http\Livewire\Success.php" line-rate="1" branch-rate="0" complexity="1">
      <classes>
        <class name="App\Http\Livewire\Success" filename="Http\Livewire\Success.php" line-rate="1" branch-rate="0" complexity="1">
          <methods>
            <method name="render" signature="" line-rate="1" branch-rate="0" complexity="1">
              <lines>
                <line number="15" hits="5"/>
                <line number="17" hits="5"/>
                <line number="19" hits="5"/>
                <line number="21" hits="5"/>
                <line number="22" hits="5"/>
                <line number="23" hits="5"/>
                <line number="24" hits="5"/>
                <line number="25" hits="5"/>
              </lines>
            </method>
          </methods>
          <lines>
            <line number="15" hits="5"/>
            <line number="17" hits="5"/>
            <line number="19" hits="5"/>
            <line number="21" hits="5"/>
            <line number="22" hits="5"/>
            <line number="23" hits="5"/>
            <line number="24" hits="5"/>
            <line number="25" hits="5"/>
          </lines>
        </class>
      </classes>
    </package>
    <package name="Http\Middleware\EncryptCookies.php" line-rate="0" branch-rate="0" complexity="0">
      <classes>
        <class name="App\Http\Middleware\EncryptCookies" filename="Http\Middleware\EncryptCookies.php" line-rate="0" branch-rate="0" complexity="0">
          <methods/>
          <lines/>
        </class>
      </classes>
    </package>
    <package name="Http\Middleware\PreventRequestsDuringMaintenance.php" line-rate="0" branch-rate="0" complexity="0">
      <classes>
        <class name="App\Http\Middleware\PreventRequestsDuringMaintenance" filename="Http\Middleware\PreventRequestsDuringMaintenance.php" line-rate="0" branch-rate="0" complexity="0">
          <methods/>
          <lines/>
        </class>
      </classes>
    </package>
    <package name="Http\Middleware\TrimStrings.php" line-rate="0" branch-rate="0" complexity="0">
      <classes>
        <class name="App\Http\Middleware\TrimStrings" filename="Http\Middleware\TrimStrings.php" line-rate="0" branch-rate="0" complexity="0">
          <methods/>
          <lines/>
        </class>
      </classes>
    </package>
    <package name="Http\Middleware\TrustProxies.php" line-rate="0" branch-rate="0" complexity="0">
      <classes>
        <class name="App\Http\Middleware\TrustProxies" filename="Http\Middleware\TrustProxies.php" line-rate="0" branch-rate="0" complexity="0">
          <methods/>
          <lines/>
        </class>
      </classes>
    </package>
    <package name="Http\Middleware\ValidateSignature.php" line-rate="0" branch-rate="0" complexity="0">
      <classes>
        <class name="App\Http\Middleware\ValidateSignature" filename="Http\Middleware\ValidateSignature.php" line-rate="0" branch-rate="0" complexity="0">
          <methods/>
          <lines/>
        </class>
      </classes>
    </package>
    <package name="Http\Middleware\VerifyCsrfToken.php" line-rate="0" branch-rate="0" complexity="0">
      <classes>
        <class name="App\Http\Middleware\VerifyCsrfToken" filename="Http\Middleware\VerifyCsrfToken.php" line-rate="0" branch-rate="0" complexity="0">
          <methods/>
          <lines/>
        </class>
      </classes>
    </package>
    <package name="Models\Event.php" line-rate="1" branch-rate="0" complexity="1">
      <classes>
        <class name="App\Models\Event" filename="Models\Event.php" line-rate="1" branch-rate="0" complexity="1">
          <methods>
            <method name="participants" signature="" line-rate="1" branch-rate="0" complexity="1">
              <lines>
                <line number="15" hits="4"/>
              </lines>
            </method>
          </methods>
          <lines>
            <line number="15" hits="4"/>
          </lines>
        </class>
      </classes>
    </package>
    <package name="Models\Participant.php" line-rate="1" branch-rate="0" complexity="1">
      <classes>
        <class name="App\Models\Participant" filename="Models\Participant.php" line-rate="1" branch-rate="0" complexity="1">
          <methods>
            <method name="event" signature="" line-rate="1" branch-rate="0" complexity="1">
              <lines>
                <line number="36" hits="11"/>
              </lines>
            </method>
          </methods>
          <lines>
            <line number="36" hits="11"/>
          </lines>
        </class>
      </classes>
    </package>
    <package name="Models\User.php" line-rate="0" branch-rate="0" complexity="0">
      <classes>
        <class name="App\Models\User" filename="Models\User.php" line-rate="0" branch-rate="0" complexity="0">
          <methods/>
          <lines/>
        </class>
      </classes>
    </package>
    <package name="Providers\AppServiceProvider.php" line-rate="1" branch-rate="0" complexity="2">
      <classes>
        <class name="App\Providers\AppServiceProvider" filename="Providers\AppServiceProvider.php" line-rate="1" branch-rate="0" complexity="2">
          <methods>
            <method name="register" signature="" line-rate="1" branch-rate="0" complexity="1">
              <lines>
                <line number="15" hits="26"/>
              </lines>
            </method>
            <method name="boot" signature="" line-rate="1" branch-rate="0" complexity="1">
              <lines>
                <line number="23" hits="26"/>
              </lines>
            </method>
          </methods>
          <lines>
            <line number="15" hits="26"/>
            <line number="23" hits="26"/>
          </lines>
        </class>
      </classes>
    </package>
    <package name="Providers\AuthServiceProvider.php" line-rate="1" branch-rate="0" complexity="1">
      <classes>
        <class name="App\Providers\AuthServiceProvider" filename="Providers\AuthServiceProvider.php" line-rate="1" branch-rate="0" complexity="1">
          <methods>
            <method name="boot" signature="" line-rate="1" branch-rate="0" complexity="1">
              <lines>
                <line number="25" hits="26"/>
              </lines>
            </method>
          </methods>
          <lines>
            <line number="25" hits="26"/>
          </lines>
        </class>
      </classes>
    </package>
    <package name="Providers\EventServiceProvider.php" line-rate="1" branch-rate="0" complexity="2">
      <classes>
        <class name="App\Providers\EventServiceProvider" filename="Providers\EventServiceProvider.php" line-rate="1" branch-rate="0" complexity="2">
          <methods>
            <method name="boot" signature="" line-rate="1" branch-rate="0" complexity="1">
              <lines>
                <line number="29" hits="26"/>
              </lines>
            </method>
            <method name="shouldDiscoverEvents" signature="" line-rate="1" branch-rate="0" complexity="1">
              <lines>
                <line number="36" hits="26"/>
              </lines>
            </method>
          </methods>
          <lines>
            <line number="29" hits="26"/>
            <line number="36" hits="26"/>
          </lines>
        </class>
      </classes>
    </package>
    <package name="Providers\RouteServiceProvider.php" line-rate="1" branch-rate="0" complexity="1">
      <classes>
        <class name="App\Providers\RouteServiceProvider" filename="Providers\RouteServiceProvider.php" line-rate="1" branch-rate="0" complexity="1">
          <methods>
            <method name="boot" signature="" line-rate="1" branch-rate="0" complexity="1">
              <lines>
                <line number="31" hits="26"/>
                <line number="32" hits="26"/>
                <line number="33" hits="26"/>
                <line number="34" hits="26"/>
                <line number="36" hits="26"/>
                <line number="37" hits="26"/>
                <line number="38" hits="26"/>
              </lines>
            </method>
          </methods>
          <lines>
            <line number="31" hits="26"/>
            <line number="32" hits="26"/>
            <line number="33" hits="26"/>
            <line number="34" hits="26"/>
            <line number="36" hits="26"/>
            <line number="37" hits="26"/>
            <line number="38" hits="26"/>
          </lines>
        </class>
      </classes>
    </package>
  </packages>
</coverage>
